execve("/usr/bin/bash", ["bash", "./hellobash.sh"], 0x7fff891acc08 /* 48 vars */) = 0
mmap(NULL, 8192, PROT_READ|PROT_WRITE, MAP_PRIVATE|MAP_ANONYMOUS, -1, 0) = 0x79fbc7b51000
openat(AT_FDCWD, "/etc/ld.so.cache", O_RDONLY|O_CLOEXEC) = 3
mmap(NULL, 56447, PROT_READ, MAP_PRIVATE, 3, 0) = 0x79fbc7b43000
close(3)                                = 0
openat(AT_FDCWD, "/lib/x86_64-linux-gnu/libtinfo.so.6", O_RDONLY|O_CLOEXEC) = 3
read(3, "\177ELF\2\1\1\0\0\0\0\0\0\0\0\0\3\0>\0\1\0\0\0\0\0\0\0\0\0\0\0"..., 832) = 832
mmap(NULL, 211240, PROT_READ, MAP_PRIVATE|MAP_DENYWRITE, 3, 0) = 0x79fbc7b0f000
mmap(0x79fbc7b1d000, 77824, PROT_READ|PROT_EXEC, MAP_PRIVATE|MAP_FIXED|MAP_DENYWRITE, 3, 0xe000) = 0x79fbc7b1d000
mmap(0x79fbc7b30000, 57344, PROT_READ, MAP_PRIVATE|MAP_FIXED|MAP_DENYWRITE, 3, 0x21000) = 0x79fbc7b30000
mmap(0x79fbc7b3e000, 20480, PROT_READ|PROT_WRITE, MAP_PRIVATE|MAP_FIXED|MAP_DENYWRITE, 3, 0x2e000) = 0x79fbc7b3e000
close(3)                                = 0
openat(AT_FDCWD, "/lib/x86_64-linux-gnu/libc.so.6", O_RDONLY|O_CLOEXEC) = 3
read(3, "\177ELF\2\1\1\3\0\0\0\0\0\0\0\0\3\0>\0\1\0\0\0\220\243\2\0\0\0\0\0"..., 832) = 832
mmap(NULL, 2170256, PROT_READ, MAP_PRIVATE|MAP_DENYWRITE, 3, 0) = 0x79fbc7800000
mmap(0x79fbc7828000, 1605632, PROT_READ|PROT_EXEC, MAP_PRIVATE|MAP_FIXED|MAP_DENYWRITE, 3, 0x28000) = 0x79fbc7828000
mmap(0x79fbc79b0000, 323584, PROT_READ, MAP_PRIVATE|MAP_FIXED|MAP_DENYWRITE, 3, 0x1b0000) = 0x79fbc79b0000
mmap(0x79fbc79ff000, 24576, PROT_READ|PROT_WRITE, MAP_PRIVATE|MAP_FIXED|MAP_DENYWRITE, 3, 0x1fe000) = 0x79fbc79ff000
mmap(0x79fbc7a05000, 52624, PROT_READ|PROT_WRITE, MAP_PRIVATE|MAP_FIXED|MAP_ANONYMOUS, -1, 0) = 0x79fbc7a05000
close(3)                                = 0
mmap(NULL, 12288, PROT_READ|PROT_WRITE, MAP_PRIVATE|MAP_ANONYMOUS, -1, 0) = 0x79fbc7b0c000
openat(AT_FDCWD, "/dev/tty", O_RDWR|O_NONBLOCK) = 3
close(3)                                = 0
openat(AT_FDCWD, "/usr/lib/locale/locale-archive", O_RDONLY|O_CLOEXEC) = 3
mmap(NULL, 14596880, PROT_READ, MAP_PRIVATE, 3, 0) = 0x79fbc6a00000
close(3)                                = 0
openat(AT_FDCWD, "/usr/lib/x86_64-linux-gnu/gconv/gconv-modules.cache", O_RDONLY|O_CLOEXEC) = 3
mmap(NULL, 27028, PROT_READ, MAP_SHARED, 3, 0) = 0x79fbc7b4a000
close(3)                                = 0
openat(AT_FDCWD, "./hellobash.sh", O_RDONLY) = 3
read(3, "#!/usr/bin/env bash\n\nprintf \"Hel"..., 80) = 45
close(3)                                = 0
read(255, "#!/usr/bin/env bash\n\nprintf \"Hel"..., 45) = 45
read(255, "", 45)                       = 0
write(1, "Hello, World!\n", 14)         = 14
read(255, "", 45)                       = 0
+++ exited with 0 +++
