execve("/usr/bin/python3", ["python3", "./hellopy.py"], 0x7ffdb53823d8 /* 48 vars */) = 0
mmap(NULL, 8192, PROT_READ|PROT_WRITE, MAP_PRIVATE|MAP_ANONYMOUS, -1, 0) = 0x7347b9bfc000
openat(AT_FDCWD, "/etc/ld.so.cache", O_RDONLY|O_CLOEXEC) = 3
mmap(NULL, 56447, PROT_READ, MAP_PRIVATE, 3, 0) = 0x7347b9bee000
close(3)                                = 0
openat(AT_FDCWD, "/lib/x86_64-linux-gnu/libm.so.6", O_RDONLY|O_CLOEXEC) = 3
read(3, "\177ELF\2\1\1\3\0\0\0\0\0\0\0\0\3\0>\0\1\0\0\0\0\0\0\0\0\0\0\0"..., 832) = 832
mmap(NULL, 950296, PROT_READ, MAP_PRIVATE|MAP_DENYWRITE, 3, 0) = 0x7347b9b05000
mmap(0x7347b9b15000, 520192, PROT_READ|PROT_EXEC, MAP_PRIVATE|MAP_FIXED|MAP_DENYWRITE, 3, 0x10000) = 0x7347b9b15000
mmap(0x7347b9b94000, 360448, PROT_READ, MAP_PRIVATE|MAP_FIXED|MAP_DENYWRITE, 3, 0x8f000) = 0x7347b9b94000
mmap(0x7347b9bec000, 8192, PROT_READ|PROT_WRITE, MAP_PRIVATE|MAP_FIXED|MAP_DENYWRITE, 3, 0xe7000) = 0x7347b9bec000
close(3)                                = 0
openat(AT_FDCWD, "/lib/x86_64-linux-gnu/libz.so.1", O_RDONLY|O_CLOEXEC) = 3
read(3, "\177ELF\2\1\1\0\0\0\0\0\0\0\0\0\3\0>\0\1\0\0\0\0\0\0\0\0\0\0\0"..., 832) = 832
mmap(NULL, 110744, PROT_READ, MAP_PRIVATE|MAP_DENYWRITE, 3, 0) = 0x7347b9ae9000
mmap(0x7347b9aeb000, 73728, PROT_READ|PROT_EXEC, MAP_PRIVATE|MAP_FIXED|MAP_DENYWRITE, 3, 0x2000) = 0x7347b9aeb000
mmap(0x7347b9afd000, 24576, PROT_READ, MAP_PRIVATE|MAP_FIXED|MAP_DENYWRITE, 3, 0x14000) = 0x7347b9afd000
mmap(0x7347b9b03000, 8192, PROT_READ|PROT_WRITE, MAP_PRIVATE|MAP_FIXED|MAP_DENYWRITE, 3, 0x1a000) = 0x7347b9b03000
close(3)                                = 0
openat(AT_FDCWD, "/lib/x86_64-linux-gnu/libexpat.so.1", O_RDONLY|O_CLOEXEC) = 3
read(3, "\177ELF\2\1\1\0\0\0\0\0\0\0\0\0\3\0>\0\1\0\0\0\0\0\0\0\0\0\0\0"..., 832) = 832
mmap(NULL, 172160, PROT_READ, MAP_PRIVATE|MAP_DENYWRITE, 3, 0) = 0x7347b9abe000
mmap(0x7347b9ac2000, 114688, PROT_READ|PROT_EXEC, MAP_PRIVATE|MAP_FIXED|MAP_DENYWRITE, 3, 0x4000) = 0x7347b9ac2000
mmap(0x7347b9ade000, 32768, PROT_READ, MAP_PRIVATE|MAP_FIXED|MAP_DENYWRITE, 3, 0x20000) = 0x7347b9ade000
mmap(0x7347b9ae6000, 12288, PROT_READ|PROT_WRITE, MAP_PRIVATE|MAP_FIXED|MAP_DENYWRITE, 3, 0x27000) = 0x7347b9ae6000
close(3)                                = 0
openat(AT_FDCWD, "/lib/x86_64-linux-gnu/libc.so.6", O_RDONLY|O_CLOEXEC) = 3
read(3, "\177ELF\2\1\1\3\0\0\0\0\0\0\0\0\3\0>\0\1\0\0\0\220\243\2\0\0\0\0\0"..., 832) = 832
mmap(NULL, 2170256, PROT_READ, MAP_PRIVATE|MAP_DENYWRITE, 3, 0) = 0x7347b9800000
mmap(0x7347b9828000, 1605632, PROT_READ|PROT_EXEC, MAP_PRIVATE|MAP_FIXED|MAP_DENYWRITE, 3, 0x28000) = 0x7347b9828000
mmap(0x7347b99b0000, 323584, PROT_READ, MAP_PRIVATE|MAP_FIXED|MAP_DENYWRITE, 3, 0x1b0000) = 0x7347b99b0000
mmap(0x7347b99ff000, 24576, PROT_READ|PROT_WRITE, MAP_PRIVATE|MAP_FIXED|MAP_DENYWRITE, 3, 0x1fe000) = 0x7347b99ff000
mmap(0x7347b9a05000, 52624, PROT_READ|PROT_WRITE, MAP_PRIVATE|MAP_FIXED|MAP_ANONYMOUS, -1, 0) = 0x7347b9a05000
close(3)                                = 0
mmap(NULL, 8192, PROT_READ|PROT_WRITE, MAP_PRIVATE|MAP_ANONYMOUS, -1, 0) = 0x7347b9abc000
openat(AT_FDCWD, "/usr/lib/locale/locale-archive", O_RDONLY|O_CLOEXEC) = 3
mmap(NULL, 14596880, PROT_READ, MAP_PRIVATE, 3, 0) = 0x7347b8a00000
close(3)                                = 0
openat(AT_FDCWD, "/usr/lib/x86_64-linux-gnu/gconv/gconv-modules.cache", O_RDONLY|O_CLOEXEC) = 3
mmap(NULL, 27028, PROT_READ, MAP_SHARED, 3, 0) = 0x7347b9bf5000
close(3)                                = 0
mmap(NULL, 1048576, PROT_READ|PROT_WRITE, MAP_PRIVATE|MAP_ANONYMOUS, -1, 0) = 0x7347b8900000
mmap(NULL, 266240, PROT_READ|PROT_WRITE, MAP_PRIVATE|MAP_ANONYMOUS, -1, 0) = 0x7347b9a7b000
mmap(NULL, 135168, PROT_READ|PROT_WRITE, MAP_PRIVATE|MAP_ANONYMOUS, -1, 0) = 0x7347b9a5a000
mmap(NULL, 16384, PROT_READ|PROT_WRITE, MAP_PRIVATE|MAP_ANONYMOUS, -1, 0) = 0x7347b9bf1000
openat(AT_FDCWD, "/usr/pyvenv.cfg", O_RDONLY) = -1 ENOENT (No such file or directory)
openat(AT_FDCWD, "/usr/bin/pyvenv.cfg", O_RDONLY) = -1 ENOENT (No such file or directory)
openat(AT_FDCWD, "/usr/bin/python3._pth", O_RDONLY) = -1 ENOENT (No such file or directory)
openat(AT_FDCWD, "/usr/bin/python3.12._pth", O_RDONLY) = -1 ENOENT (No such file or directory)
openat(AT_FDCWD, "/usr/bin/pybuilddir.txt", O_RDONLY) = -1 ENOENT (No such file or directory)
openat(AT_FDCWD, "/etc/localtime", O_RDONLY|O_CLOEXEC) = 3
read(3, "TZif2\0\0\0\0\0\0\0\0\0\0\0\0\0\0\0\0\0\0\6\0\0\0\6\0\0\0\0"..., 4096) = 3552
read(3, "TZif2\0\0\0\0\0\0\0\0\0\0\0\0\0\0\0\0\0\0\6\0\0\0\6\0\0\0\0"..., 4096) = 2260
close(3)                                = 0
openat(AT_FDCWD, "/usr/lib/python3.12", O_RDONLY|O_NONBLOCK|O_CLOEXEC|O_DIRECTORY) = 3
close(3)                                = 0
openat(AT_FDCWD, "/usr/lib/python3.12/encodings/__pycache__/__init__.cpython-312.pyc", O_RDONLY|O_CLOEXEC) = 3
read(3, "\313\r\r\n\0\0\0\0\201\246\341f\374\26\0\0\343\0\0\0\0\0\0\0\0\0\0\0\0\6\0\0"..., 5791) = 5790
read(3, "", 1)                          = 0
close(3)                                = 0
openat(AT_FDCWD, "/usr/lib/python3.12/encodings", O_RDONLY|O_NONBLOCK|O_CLOEXEC|O_DIRECTORY) = 3
close(3)                                = 0
openat(AT_FDCWD, "/usr/lib/python3.12/encodings/__pycache__/aliases.cpython-312.pyc", O_RDONLY|O_CLOEXEC) = 3
read(3, "\313\r\r\n\0\0\0\0\201\246\341f==\0\0\343\0\0\0\0\0\0\0\0\0\0\0\0\5\0\0"..., 12409) = 12408
read(3, "", 1)                          = 0
close(3)                                = 0
openat(AT_FDCWD, "/usr/lib/python3.12/encodings/__pycache__/utf_8.cpython-312.pyc", O_RDONLY|O_CLOEXEC) = 3
read(3, "\313\r\r\n\0\0\0\0\201\246\341f\355\3\0\0\343\0\0\0\0\0\0\0\0\0\0\0\0\5\0\0"..., 2148) = 2147
read(3, "", 1)                          = 0
close(3)                                = 0
mmap(NULL, 1048576, PROT_READ|PROT_WRITE, MAP_PRIVATE|MAP_ANONYMOUS, -1, 0) = 0x7347b8800000
openat(AT_FDCWD, "/usr/local/lib/python3.12/dist-packages", O_RDONLY|O_NONBLOCK|O_CLOEXEC|O_DIRECTORY) = 3
close(3)                                = 0
openat(AT_FDCWD, "/usr/lib/python3/dist-packages", O_RDONLY|O_NONBLOCK|O_CLOEXEC|O_DIRECTORY) = 3
close(3)                                = 0
openat(AT_FDCWD, "/usr/lib/python3.12/__pycache__/sitecustomize.cpython-312.pyc", O_RDONLY|O_CLOEXEC) = 3
read(3, "\313\r\r\n\0\0\0\0\273$\26f\233\0\0\0\343\0\0\0\0\0\0\0\0\0\0\0\0\4\0\0"..., 301) = 300
read(3, "", 1)                          = 0
close(3)                                = 0
openat(AT_FDCWD, "/usr/lib/python3.12/lib-dynload", O_RDONLY|O_NONBLOCK|O_CLOEXEC|O_DIRECTORY) = 3
close(3)                                = 0
openat(AT_FDCWD, "/usr/local/lib/python3.12/dist-packages", O_RDONLY|O_NONBLOCK|O_CLOEXEC|O_DIRECTORY) = 3
close(3)                                = 0
openat(AT_FDCWD, "/usr/lib/python3/dist-packages", O_RDONLY|O_NONBLOCK|O_CLOEXEC|O_DIRECTORY) = 3
close(3)                                = 0
openat(AT_FDCWD, "/usr/lib/python3/dist-packages/__pycache__/apport_python_hook.cpython-312.pyc", O_RDONLY|O_CLOEXEC) = 3
read(3, "\313\r\r\n\0\0\0\0\247\22!f\367!\0\0\343\0\0\0\0\0\0\0\0\0\0\0\0\2\0\0"..., 8877) = 8876
read(3, "", 1)                          = 0
close(3)                                = 0
openat(AT_FDCWD, "/home/jamesyoung/Documents/cs575/hw/hw2/./hellopy.py", O_RDONLY|O_CLOEXEC) = 3
read(3, "print(\"Hello, World!\")", 4096) = 22
read(3, "# hello world\n\nprint(\"Hello, Wor"..., 38) = 37
read(3, "", 1)                          = 0
close(3)                                = 0
openat(AT_FDCWD, "/home/jamesyoung/Documents/cs575/hw/hw2/./hellopy.py", O_RDONLY) = 3
read(3, "# hello world\n\nprint(\"Hello, Wor"..., 4096) = 37
read(3, "# hello world\n\nprint(\"Hello, Wor"..., 4096) = 37
read(3, "", 4096)                       = 0
close(3)                                = 0
write(1, "Hello, World!\n", 14)         = 14
+++ exited with 0 +++
