execve("/usr/bin/java", ["java", "Hellojava"], 0x7ffc4317c338 /* 48 vars */) = 0
mmap(NULL, 8192, PROT_READ|PROT_WRITE, MAP_PRIVATE|MAP_ANONYMOUS, -1, 0) = 0x70b9f7a25000
openat(AT_FDCWD, "/usr/lib/jvm/java-21-openjdk-amd64/bin/glibc-hwcaps/x86-64-v4/libz.so.1", O_RDONLY|O_CLOEXEC) = 3
read(3, "\177ELF\2\1\1\0\0\0\0\0\0\0\0\0\3\0>\0\1\0\0\0\0\0\0\0\0\0\0\0"..., 832) = 832
mmap(NULL, 110744, PROT_READ, MAP_PRIVATE|MAP_DENYWRITE, 3, 0) = 0x70b9f7a09000
mmap(0x70b9f7a0b000, 73728, PROT_READ|PROT_EXEC, MAP_PRIVATE|MAP_FIXED|MAP_DENYWRITE, 3, 0x2000) = 0x70b9f7a0b000
mmap(0x70b9f7a1d000, 24576, PROT_READ, MAP_PRIVATE|MAP_FIXED|MAP_DENYWRITE, 3, 0x14000) = 0x70b9f7a1d000
mmap(0x70b9f7a23000, 8192, PROT_READ|PROT_WRITE, MAP_PRIVATE|MAP_FIXED|MAP_DENYWRITE, 3, 0x1a000) = 0x70b9f7a23000
close(3)                                = 0
openat(AT_FDCWD, "/usr/lib/jvm/java-21-openjdk-amd64/bin/glibc-hwcaps/x86-64-v4/libjli.so", O_RDONLY|O_CLOEXEC) = 3
read(3, "\177ELF\2\1\1\0\0\0\0\0\0\0\0\0\3\0>\0\1\0\0\0\0\0\0\0\0\0\0\0"..., 832) = 832
mmap(NULL, 65840, PROT_READ, MAP_PRIVATE|MAP_DENYWRITE, 3, 0) = 0x70b9f79f8000
mmap(0x70b9f79fa000, 40960, PROT_READ|PROT_EXEC, MAP_PRIVATE|MAP_FIXED|MAP_DENYWRITE, 3, 0x2000) = 0x70b9f79fa000
mmap(0x70b9f7a04000, 12288, PROT_READ, MAP_PRIVATE|MAP_FIXED|MAP_DENYWRITE, 3, 0xc000) = 0x70b9f7a04000
mmap(0x70b9f7a07000, 8192, PROT_READ|PROT_WRITE, MAP_PRIVATE|MAP_FIXED|MAP_DENYWRITE, 3, 0xf000) = 0x70b9f7a07000
close(3)                                = 0
openat(AT_FDCWD, "/usr/lib/jvm/java-21-openjdk-amd64/bin/glibc-hwcaps/x86-64-v4/libc.so.6", O_RDONLY|O_CLOEXEC) = 3
read(3, "\177ELF\2\1\1\3\0\0\0\0\0\0\0\0\3\0>\0\1\0\0\0\220\243\2\0\0\0\0\0"..., 832) = 832
mmap(NULL, 2170256, PROT_READ, MAP_PRIVATE|MAP_DENYWRITE, 3, 0) = 0x70b9f7600000
mmap(0x70b9f7628000, 1605632, PROT_READ|PROT_EXEC, MAP_PRIVATE|MAP_FIXED|MAP_DENYWRITE, 3, 0x28000) = 0x70b9f7628000
mmap(0x70b9f77b0000, 323584, PROT_READ, MAP_PRIVATE|MAP_FIXED|MAP_DENYWRITE, 3, 0x1b0000) = 0x70b9f77b0000
mmap(0x70b9f77ff000, 24576, PROT_READ|PROT_WRITE, MAP_PRIVATE|MAP_FIXED|MAP_DENYWRITE, 3, 0x1fe000) = 0x70b9f77ff000
mmap(0x70b9f7805000, 52624, PROT_READ|PROT_WRITE, MAP_PRIVATE|MAP_FIXED|MAP_ANONYMOUS, -1, 0) = 0x70b9f7805000
close(3)                                = 0
mmap(NULL, 8192, PROT_READ|PROT_WRITE, MAP_PRIVATE|MAP_ANONYMOUS, -1, 0) = 0x70b9f79f6000
openat(AT_FDCWD, "/usr/lib/jvm/java-21-openjdk-amd64/lib/jvm.cfg", O_RDONLY) = 3
read(3, "-server KNOWN\n-client IGNORE\n-ze"..., 4096) = 54
read(3, "", 4096)                       = 0
close(3)                                = 0
openat(AT_FDCWD, "/usr/lib/jvm/java-21-openjdk-amd64/lib/server/libjvm.so", O_RDONLY|O_CLOEXEC) = 3
read(3, "\177ELF\2\1\1\0\0\0\0\0\0\0\0\0\3\0>\0\1\0\0\0\0\0\0\0\0\0\0\0"..., 832) = 832
mmap(NULL, 22242264, PROT_READ, MAP_PRIVATE|MAP_DENYWRITE, 3, 0) = 0x70b9f6000000
mmap(0x70b9f6296000, 15106048, PROT_READ|PROT_EXEC, MAP_PRIVATE|MAP_FIXED|MAP_DENYWRITE, 3, 0x296000) = 0x70b9f6296000
mmap(0x70b9f70fe000, 2961408, PROT_READ, MAP_PRIVATE|MAP_FIXED|MAP_DENYWRITE, 3, 0x10fe000) = 0x70b9f70fe000
mmap(0x70b9f73d1000, 1048576, PROT_READ|PROT_WRITE, MAP_PRIVATE|MAP_FIXED|MAP_DENYWRITE, 3, 0x13d0000) = 0x70b9f73d1000
mmap(0x70b9f74d1000, 414680, PROT_READ|PROT_WRITE, MAP_PRIVATE|MAP_FIXED|MAP_ANONYMOUS, -1, 0) = 0x70b9f74d1000
close(3)                                = 0
openat(AT_FDCWD, "/usr/lib/jvm/java-21-openjdk-amd64/bin/glibc-hwcaps/x86-64-v4/libstdc++.so.6", O_RDONLY|O_CLOEXEC) = 3
read(3, "\177ELF\2\1\1\3\0\0\0\0\0\0\0\0\3\0>\0\1\0\0\0\0\0\0\0\0\0\0\0"..., 832) = 832
mmap(NULL, 2605376, PROT_READ, MAP_PRIVATE|MAP_DENYWRITE, 3, 0) = 0x70b9f5c00000
mmap(0x70b9f5c9d000, 1310720, PROT_READ|PROT_EXEC, MAP_PRIVATE|MAP_FIXED|MAP_DENYWRITE, 3, 0x9d000) = 0x70b9f5c9d000
mmap(0x70b9f5ddd000, 581632, PROT_READ, MAP_PRIVATE|MAP_FIXED|MAP_DENYWRITE, 3, 0x1dd000) = 0x70b9f5ddd000
mmap(0x70b9f5e6b000, 57344, PROT_READ|PROT_WRITE, MAP_PRIVATE|MAP_FIXED|MAP_DENYWRITE, 3, 0x26b000) = 0x70b9f5e6b000
mmap(0x70b9f5e79000, 12608, PROT_READ|PROT_WRITE, MAP_PRIVATE|MAP_FIXED|MAP_ANONYMOUS, -1, 0) = 0x70b9f5e79000
close(3)                                = 0
openat(AT_FDCWD, "/usr/lib/jvm/java-21-openjdk-amd64/bin/glibc-hwcaps/x86-64-v4/libm.so.6", O_RDONLY|O_CLOEXEC) = 3
read(3, "\177ELF\2\1\1\3\0\0\0\0\0\0\0\0\3\0>\0\1\0\0\0\0\0\0\0\0\0\0\0"..., 832) = 832
mmap(NULL, 950296, PROT_READ, MAP_PRIVATE|MAP_DENYWRITE, 3, 0) = 0x70b9f790d000
mmap(0x70b9f791d000, 520192, PROT_READ|PROT_EXEC, MAP_PRIVATE|MAP_FIXED|MAP_DENYWRITE, 3, 0x10000) = 0x70b9f791d000
mmap(0x70b9f799c000, 360448, PROT_READ, MAP_PRIVATE|MAP_FIXED|MAP_DENYWRITE, 3, 0x8f000) = 0x70b9f799c000
mmap(0x70b9f79f4000, 8192, PROT_READ|PROT_WRITE, MAP_PRIVATE|MAP_FIXED|MAP_DENYWRITE, 3, 0xe7000) = 0x70b9f79f4000
close(3)                                = 0
openat(AT_FDCWD, "/usr/lib/jvm/java-21-openjdk-amd64/bin/glibc-hwcaps/x86-64-v4/libgcc_s.so.1", O_RDONLY|O_CLOEXEC) = 3
read(3, "\177ELF\2\1\1\0\0\0\0\0\0\0\0\0\3\0>\0\1\0\0\0\0\0\0\0\0\0\0\0"..., 832) = 832
mmap(NULL, 181160, PROT_READ, MAP_PRIVATE|MAP_DENYWRITE, 3, 0) = 0x70b9f78e0000
mmap(0x70b9f78e4000, 143360, PROT_READ|PROT_EXEC, MAP_PRIVATE|MAP_FIXED|MAP_DENYWRITE, 3, 0x4000) = 0x70b9f78e4000
mmap(0x70b9f7907000, 16384, PROT_READ, MAP_PRIVATE|MAP_FIXED|MAP_DENYWRITE, 3, 0x27000) = 0x70b9f7907000
mmap(0x70b9f790b000, 8192, PROT_READ|PROT_WRITE, MAP_PRIVATE|MAP_FIXED|MAP_DENYWRITE, 3, 0x2b000) = 0x70b9f790b000
close(3)                                = 0
mmap(NULL, 1048576, PROT_READ|PROT_WRITE, MAP_PRIVATE|MAP_ANONYMOUS|MAP_STACK, -1, 0) = 0x70b9f5f00000
+++ exited with 0 +++
